0 info it worked if it ends with ok
1 verbose cli [ '/usr/bin/nodejs', '/usr/bin/npm', 'install', 'rpi-gpio' ]
2 info using npm@1.4.21
3 info using node@v0.10.29
4 verbose cache add [ 'rpi-gpio', null ]
5 verbose cache add name=undefined spec="rpi-gpio" args=["rpi-gpio",null]
6 verbose parsed url { protocol: null,
6 verbose parsed url   slashes: null,
6 verbose parsed url   auth: null,
6 verbose parsed url   host: null,
6 verbose parsed url   port: null,
6 verbose parsed url   hostname: null,
6 verbose parsed url   hash: null,
6 verbose parsed url   search: null,
6 verbose parsed url   query: null,
6 verbose parsed url   pathname: 'rpi-gpio',
6 verbose parsed url   path: 'rpi-gpio',
6 verbose parsed url   href: 'rpi-gpio' }
7 silly lockFile 61361537-rpi-gpio rpi-gpio
8 verbose lock rpi-gpio /root/.npm/61361537-rpi-gpio.lock
9 silly lockFile 61361537-rpi-gpio rpi-gpio
10 silly lockFile 61361537-rpi-gpio rpi-gpio
11 verbose addNamed [ 'rpi-gpio', '' ]
12 verbose addNamed [ null, '*' ]
13 silly lockFile 48726dbc-rpi-gpio rpi-gpio@
14 verbose lock rpi-gpio@ /root/.npm/48726dbc-rpi-gpio.lock
15 silly addNameRange { name: 'rpi-gpio', range: '*', hasData: false }
16 verbose request where is /rpi-gpio
17 verbose request registry https://registry.npmjs.org/
18 verbose request id 388f0a955e823431
19 verbose url raw /rpi-gpio
20 verbose url resolving [ 'https://registry.npmjs.org/', './rpi-gpio' ]
21 verbose url resolved https://registry.npmjs.org/rpi-gpio
22 verbose request where is https://registry.npmjs.org/rpi-gpio
23 info trying registry request attempt 1 at 20:47:51
24 verbose etag W/"588a4ab6-5f08"
25 http GET https://registry.npmjs.org/rpi-gpio
26 http 200 https://registry.npmjs.org/rpi-gpio
27 silly registry.get cb [ 200,
27 silly registry.get   { server: 'nginx/1.10.1',
27 silly registry.get     'content-type': 'application/json',
27 silly registry.get     'last-modified': 'Wed, 22 Feb 2017 12:48:46 GMT',
27 silly registry.get     etag: 'W/"58ad88ae-5f19"',
27 silly registry.get     'content-encoding': 'gzip',
27 silly registry.get     'cache-control': 'max-age=300',
27 silly registry.get     'content-length': '4758',
27 silly registry.get     'accept-ranges': 'bytes',
27 silly registry.get     date: 'Mon, 20 Mar 2017 20:47:51 GMT',
27 silly registry.get     via: '1.1 varnish',
27 silly registry.get     age: '0',
27 silly registry.get     connection: 'keep-alive',
27 silly registry.get     'x-served-by': 'cache-fra1220-FRA',
27 silly registry.get     'x-cache': 'HIT',
27 silly registry.get     'x-cache-hits': '1',
27 silly registry.get     'x-timer': 'S1490042871.362477,VS0,VE1',
27 silly registry.get     vary: 'Accept-Encoding' } ]
28 silly addNameRange number 2 { name: 'rpi-gpio', range: '*', hasData: true }
29 silly addNameRange versions [ 'rpi-gpio',
29 silly addNameRange   [ '0.0.1',
29 silly addNameRange     '0.0.2',
29 silly addNameRange     '0.0.3',
29 silly addNameRange     '0.0.4',
29 silly addNameRange     '0.1.0',
29 silly addNameRange     '0.2.0',
29 silly addNameRange     '0.3.1',
29 silly addNameRange     '0.3.2',
29 silly addNameRange     '0.3.3',
29 silly addNameRange     '0.3.4',
29 silly addNameRange     '0.4.0',
29 silly addNameRange     '0.4.1',
29 silly addNameRange     '0.5.0',
29 silly addNameRange     '0.5.1',
29 silly addNameRange     '0.5.2',
29 silly addNameRange     '0.6.0',
29 silly addNameRange     '0.7.0' ] ]
30 verbose addNamed [ 'rpi-gpio', '0.7.0' ]
31 verbose addNamed [ '0.7.0', '0.7.0' ]
32 silly lockFile f4166a70-rpi-gpio-0-7-0 rpi-gpio@0.7.0
33 verbose lock rpi-gpio@0.7.0 /root/.npm/f4166a70-rpi-gpio-0-7-0.lock
34 silly lockFile f4166a70-rpi-gpio-0-7-0 rpi-gpio@0.7.0
35 silly lockFile f4166a70-rpi-gpio-0-7-0 rpi-gpio@0.7.0
36 silly lockFile 48726dbc-rpi-gpio rpi-gpio@
37 silly lockFile 48726dbc-rpi-gpio rpi-gpio@
38 silly resolved [ { name: 'rpi-gpio',
38 silly resolved     version: '0.7.0',
38 silly resolved     description: 'Control Raspberry Pi GPIO pins with node.js',
38 silly resolved     main: 'rpi-gpio.js',
38 silly resolved     'keywords:': [ 'raspberry', 'pi', 'gpio' ],
38 silly resolved     directories: { test: 'test', integration: 'integration' },
38 silly resolved     devDependencies: { mocha: '~1.18.2', sinon: '~1.9.0', istanbul: '~0.2.7' },
38 silly resolved     scripts:
38 silly resolved      { test: 'mocha',
38 silly resolved        spec: 'mocha --reporter spec',
38 silly resolved        coverage: 'istanbul cover _mocha',
38 silly resolved        int: 'mocha test/integration' },
38 silly resolved     repository:
38 silly resolved      { type: 'git',
38 silly resolved        url: 'git+https://github.com/JamesBarwell/rpi-gpio.js.git' },
38 silly resolved     author: { name: 'James Barwell', email: 'jb@jamesbarwell.co.uk' },
38 silly resolved     license: 'MIT',
38 silly resolved     dependencies: { async: '1.x', debug: '2.x', epoll: '0.1.x' },
38 silly resolved     gitHead: 'a864592b032310b7f3c369e3de0b6864feef3a19',
38 silly resolved     bugs: { url: 'https://github.com/JamesBarwell/rpi-gpio.js/issues' },
38 silly resolved     homepage: 'https://github.com/JamesBarwell/rpi-gpio.js#readme',
38 silly resolved     _id: 'rpi-gpio@0.7.0',
38 silly resolved     _shasum: 'a71ea43a2701d13ae9003ef0e46c6bcd3dc413ca',
38 silly resolved     _from: 'rpi-gpio@',
38 silly resolved     _npmVersion: '2.11.3',
38 silly resolved     _nodeVersion: '0.12.7',
38 silly resolved     _npmUser: { name: 'jamesbarwell', email: 'jb@jamesbarwell.co.uk' },
38 silly resolved     dist:
38 silly resolved      { shasum: 'a71ea43a2701d13ae9003ef0e46c6bcd3dc413ca',
38 silly resolved        tarball: 'https://registry.npmjs.org/rpi-gpio/-/rpi-gpio-0.7.0.tgz' },
38 silly resolved     maintainers: [ [Object] ],
38 silly resolved     _resolved: 'https://registry.npmjs.org/rpi-gpio/-/rpi-gpio-0.7.0.tgz',
38 silly resolved     readme: 'ERROR: No README data found!' } ]
39 info install rpi-gpio@0.7.0 into /home/pi/Desktop/raspTest/nodeScriprts
40 info installOne rpi-gpio@0.7.0
41 verbose node_modules/rpi-gpio unbuild
42 verbose tar unpack /root/.npm/rpi-gpio/0.7.0/package.tgz
43 silly lockFile db797dae-deScriprts-node-modules-rpi-gpio tar:///home/pi/Desktop/raspTest/nodeScriprts/node_modules/rpi-gpio
44 verbose lock tar:///home/pi/Desktop/raspTest/nodeScriprts/node_modules/rpi-gpio /root/.npm/db797dae-deScriprts-node-modules-rpi-gpio.lock
45 silly lockFile ee124d74-t-npm-rpi-gpio-0-7-0-package-tgz tar:///root/.npm/rpi-gpio/0.7.0/package.tgz
46 verbose lock tar:///root/.npm/rpi-gpio/0.7.0/package.tgz /root/.npm/ee124d74-t-npm-rpi-gpio-0-7-0-package-tgz.lock
47 silly gunzTarPerm modes [ '755', '644' ]
48 silly gunzTarPerm extractEntry package.json
49 silly gunzTarPerm modified mode [ 'package.json', 436, 420 ]
50 silly gunzTarPerm extractEntry .npmignore
51 silly gunzTarPerm modified mode [ '.npmignore', 509, 493 ]
52 silly gunzTarPerm extractEntry README.md
53 silly gunzTarPerm modified mode [ 'README.md', 509, 493 ]
54 silly gunzTarPerm extractEntry rpi-gpio.js
55 silly gunzTarPerm modified mode [ 'rpi-gpio.js', 509, 493 ]
56 silly gunzTarPerm extractEntry .travis.yml
57 silly gunzTarPerm modified mode [ '.travis.yml', 509, 493 ]
58 silly gunzTarPerm extractEntry MIT-LICENSE.txt
59 silly gunzTarPerm modified mode [ 'MIT-LICENSE.txt', 436, 420 ]
60 silly gunzTarPerm extractEntry test/main.js
61 silly gunzTarPerm modified mode [ 'test/main.js', 509, 493 ]
62 silly gunzTarPerm extractEntry test/integration/main.js
63 silly gunzTarPerm modified mode [ 'test/integration/main.js', 436, 420 ]
64 silly lockFile db797dae-deScriprts-node-modules-rpi-gpio tar:///home/pi/Desktop/raspTest/nodeScriprts/node_modules/rpi-gpio
65 silly lockFile db797dae-deScriprts-node-modules-rpi-gpio tar:///home/pi/Desktop/raspTest/nodeScriprts/node_modules/rpi-gpio
66 silly lockFile ee124d74-t-npm-rpi-gpio-0-7-0-package-tgz tar:///root/.npm/rpi-gpio/0.7.0/package.tgz
67 silly lockFile ee124d74-t-npm-rpi-gpio-0-7-0-package-tgz tar:///root/.npm/rpi-gpio/0.7.0/package.tgz
68 info preinstall rpi-gpio@0.7.0
69 verbose readDependencies using package.json deps
70 verbose readDependencies using package.json deps
71 verbose cache add [ 'debug@2.x', null ]
72 verbose cache add name=undefined spec="debug@2.x" args=["debug@2.x",null]
73 verbose parsed url { protocol: null,
73 verbose parsed url   slashes: null,
73 verbose parsed url   auth: null,
73 verbose parsed url   host: null,
73 verbose parsed url   port: null,
73 verbose parsed url   hostname: null,
73 verbose parsed url   hash: null,
73 verbose parsed url   search: null,
73 verbose parsed url   query: null,
73 verbose parsed url   pathname: 'debug@2.x',
73 verbose parsed url   path: 'debug@2.x',
73 verbose parsed url   href: 'debug@2.x' }
74 verbose cache add name="debug" spec="2.x" args=["debug","2.x"]
75 verbose parsed url { protocol: null,
75 verbose parsed url   slashes: null,
75 verbose parsed url   auth: null,
75 verbose parsed url   host: null,
75 verbose parsed url   port: null,
75 verbose parsed url   hostname: null,
75 verbose parsed url   hash: null,
75 verbose parsed url   search: null,
75 verbose parsed url   query: null,
75 verbose parsed url   pathname: '2.x',
75 verbose parsed url   path: '2.x',
75 verbose parsed url   href: '2.x' }
76 verbose addNamed [ 'debug', '2.x' ]
77 verbose addNamed [ null, '>=2.0.0-0 <3.0.0-0' ]
78 silly lockFile 5ea559a0-debug-2-x debug@2.x
79 verbose lock debug@2.x /root/.npm/5ea559a0-debug-2-x.lock
80 verbose cache add [ 'epoll@0.1.x', null ]
81 verbose cache add name=undefined spec="epoll@0.1.x" args=["epoll@0.1.x",null]
82 verbose parsed url { protocol: null,
82 verbose parsed url   slashes: null,
82 verbose parsed url   auth: null,
82 verbose parsed url   host: null,
82 verbose parsed url   port: null,
82 verbose parsed url   hostname: null,
82 verbose parsed url   hash: null,
82 verbose parsed url   search: null,
82 verbose parsed url   query: null,
82 verbose parsed url   pathname: 'epoll@0.1.x',
82 verbose parsed url   path: 'epoll@0.1.x',
82 verbose parsed url   href: 'epoll@0.1.x' }
83 verbose cache add [ 'async@1.x', null ]
84 verbose cache add name=undefined spec="async@1.x" args=["async@1.x",null]
85 verbose parsed url { protocol: null,
85 verbose parsed url   slashes: null,
85 verbose parsed url   auth: null,
85 verbose parsed url   host: null,
85 verbose parsed url   port: null,
85 verbose parsed url   hostname: null,
85 verbose parsed url   hash: null,
85 verbose parsed url   search: null,
85 verbose parsed url   query: null,
85 verbose parsed url   pathname: 'async@1.x',
85 verbose parsed url   path: 'async@1.x',
85 verbose parsed url   href: 'async@1.x' }
86 verbose cache add name="epoll" spec="0.1.x" args=["epoll","0.1.x"]
87 verbose parsed url { protocol: null,
87 verbose parsed url   slashes: null,
87 verbose parsed url   auth: null,
87 verbose parsed url   host: null,
87 verbose parsed url   port: null,
87 verbose parsed url   hostname: null,
87 verbose parsed url   hash: null,
87 verbose parsed url   search: null,
87 verbose parsed url   query: null,
87 verbose parsed url   pathname: '0.1.x',
87 verbose parsed url   path: '0.1.x',
87 verbose parsed url   href: '0.1.x' }
88 verbose addNamed [ 'epoll', '0.1.x' ]
89 verbose addNamed [ null, '>=0.1.0-0 <0.2.0-0' ]
90 silly lockFile 1b6bce28-epoll-0-1-x epoll@0.1.x
91 verbose lock epoll@0.1.x /root/.npm/1b6bce28-epoll-0-1-x.lock
92 verbose cache add name="async" spec="1.x" args=["async","1.x"]
93 verbose parsed url { protocol: null,
93 verbose parsed url   slashes: null,
93 verbose parsed url   auth: null,
93 verbose parsed url   host: null,
93 verbose parsed url   port: null,
93 verbose parsed url   hostname: null,
93 verbose parsed url   hash: null,
93 verbose parsed url   search: null,
93 verbose parsed url   query: null,
93 verbose parsed url   pathname: '1.x',
93 verbose parsed url   path: '1.x',
93 verbose parsed url   href: '1.x' }
94 verbose addNamed [ 'async', '1.x' ]
95 verbose addNamed [ null, '>=1.0.0-0 <2.0.0-0' ]
96 silly lockFile 53468eee-async-1-x async@1.x
97 verbose lock async@1.x /root/.npm/53468eee-async-1-x.lock
98 silly addNameRange { name: 'debug', range: '>=2.0.0-0 <3.0.0-0', hasData: false }
99 silly addNameRange { name: 'epoll', range: '>=0.1.0-0 <0.2.0-0', hasData: false }
100 silly addNameRange { name: 'async', range: '>=1.0.0-0 <2.0.0-0', hasData: false }
101 verbose request where is /debug
102 verbose request registry https://registry.npmjs.org/
103 verbose url raw /debug
104 verbose url resolving [ 'https://registry.npmjs.org/', './debug' ]
105 verbose url resolved https://registry.npmjs.org/debug
106 verbose request where is https://registry.npmjs.org/debug
107 info trying registry request attempt 1 at 20:47:51
108 verbose etag W/"58a467da-10453"
109 http GET https://registry.npmjs.org/debug
110 verbose request where is /epoll
111 verbose request registry https://registry.npmjs.org/
112 verbose url raw /epoll
113 verbose url resolving [ 'https://registry.npmjs.org/', './epoll' ]
114 verbose url resolved https://registry.npmjs.org/epoll
115 verbose request where is https://registry.npmjs.org/epoll
116 info trying registry request attempt 1 at 20:47:51
117 verbose etag W/"58a0161c-a385"
118 http GET https://registry.npmjs.org/epoll
119 verbose request where is /async
120 verbose request registry https://registry.npmjs.org/
121 verbose url raw /async
122 verbose url resolving [ 'https://registry.npmjs.org/', './async' ]
123 verbose url resolved https://registry.npmjs.org/async
124 verbose request where is https://registry.npmjs.org/async
125 info trying registry request attempt 1 at 20:47:51
126 verbose etag W/"58a42134-1d44e"
127 http GET https://registry.npmjs.org/async
128 http 200 https://registry.npmjs.org/debug
129 silly registry.get cb [ 200,
129 silly registry.get   { server: 'nginx/1.10.1',
129 silly registry.get     'content-type': 'application/json',
129 silly registry.get     'last-modified': 'Fri, 17 Mar 2017 10:42:02 GMT',
129 silly registry.get     etag: 'W/"58cbbd7a-139cf"',
129 silly registry.get     'content-encoding': 'gzip',
129 silly registry.get     'cache-control': 'max-age=300',
129 silly registry.get     'content-length': '13655',
129 silly registry.get     'accept-ranges': 'bytes',
129 silly registry.get     date: 'Mon, 20 Mar 2017 20:47:52 GMT',
129 silly registry.get     via: '1.1 varnish',
129 silly registry.get     age: '49',
129 silly registry.get     connection: 'keep-alive',
129 silly registry.get     'x-served-by': 'cache-fra1228-FRA',
129 silly registry.get     'x-cache': 'HIT',
129 silly registry.get     'x-cache-hits': '3',
129 silly registry.get     'x-timer': 'S1490042872.015704,VS0,VE0',
129 silly registry.get     vary: 'Accept-Encoding' } ]
130 http 304 https://registry.npmjs.org/epoll
131 silly registry.get cb [ 304,
131 silly registry.get   { date: 'Mon, 20 Mar 2017 20:47:52 GMT',
131 silly registry.get     via: '1.1 varnish',
131 silly registry.get     'cache-control': 'max-age=300',
131 silly registry.get     etag: 'W/"58a0161c-a385"',
131 silly registry.get     age: '0',
131 silly registry.get     connection: 'keep-alive',
131 silly registry.get     'x-served-by': 'cache-fra1225-FRA',
131 silly registry.get     'x-cache': 'HIT',
131 silly registry.get     'x-cache-hits': '1',
131 silly registry.get     'x-timer': 'S1490042872.032547,VS0,VE43',
131 silly registry.get     vary: 'Accept-Encoding' } ]
132 verbose etag https://registry.npmjs.org/epoll from cache
133 silly addNameRange number 2 { name: 'debug', range: '>=2.0.0-0 <3.0.0-0', hasData: true }
134 silly addNameRange versions [ 'debug',
134 silly addNameRange   [ '0.0.1',
134 silly addNameRange     '0.1.0',
134 silly addNameRange     '0.2.0',
134 silly addNameRange     '0.3.0',
134 silly addNameRange     '0.4.0',
134 silly addNameRange     '0.4.1',
134 silly addNameRange     '0.5.0',
134 silly addNameRange     '0.6.0',
134 silly addNameRange     '0.7.0',
134 silly addNameRange     '0.7.1',
134 silly addNameRange     '0.7.2',
134 silly addNameRange     '0.7.3',
134 silly addNameRange     '0.7.4',
134 silly addNameRange     '0.8.0',
134 silly addNameRange     '0.8.1',
134 silly addNameRange     '1.0.0',
134 silly addNameRange     '1.0.1',
134 silly addNameRange     '1.0.2',
134 silly addNameRange     '1.0.3',
134 silly addNameRange     '1.0.4',
134 silly addNameRange     '2.0.0',
134 silly addNameRange     '2.1.0',
134 silly addNameRange     '2.1.1',
134 silly addNameRange     '2.1.2',
134 silly addNameRange     '2.1.3',
134 silly addNameRange     '2.2.0',
134 silly addNameRange     '2.3.0',
134 silly addNameRange     '2.3.1',
134 silly addNameRange     '2.3.2',
134 silly addNameRange     '2.3.3',
134 silly addNameRange     '2.4.0',
134 silly addNameRange     '2.4.1',
134 silly addNameRange     '2.4.2',
134 silly addNameRange     '2.4.3',
134 silly addNameRange     '2.4.4',
134 silly addNameRange     '2.4.5',
134 silly addNameRange     '2.5.0',
134 silly addNameRange     '2.5.1',
134 silly addNameRange     '2.5.2',
134 silly addNameRange     '2.6.0',
134 silly addNameRange     '2.6.1',
134 silly addNameRange     '2.6.2',
134 silly addNameRange     '2.6.3' ] ]
135 verbose addNamed [ 'debug', '2.6.3' ]
136 verbose addNamed [ '2.6.3', '2.6.3' ]
137 silly lockFile 7e2992e4-debug-2-6-3 debug@2.6.3
138 verbose lock debug@2.6.3 /root/.npm/7e2992e4-debug-2-6-3.lock
139 silly addNameRange number 2 { name: 'epoll', range: '>=0.1.0-0 <0.2.0-0', hasData: true }
140 silly addNameRange versions [ 'epoll',
140 silly addNameRange   [ '0.0.1',
140 silly addNameRange     '0.0.2',
140 silly addNameRange     '0.0.3',
140 silly addNameRange     '0.0.4',
140 silly addNameRange     '0.0.5',
140 silly addNameRange     '0.0.6',
140 silly addNameRange     '0.0.7',
140 silly addNameRange     '0.0.8',
140 silly addNameRange     '0.1.0',
140 silly addNameRange     '0.1.1',
140 silly addNameRange     '0.1.2',
140 silly addNameRange     '0.1.3',
140 silly addNameRange     '0.1.4',
140 silly addNameRange     '0.1.5',
140 silly addNameRange     '0.1.7',
140 silly addNameRange     '0.1.8',
140 silly addNameRange     '0.1.9',
140 silly addNameRange     '0.1.10',
140 silly addNameRange     '0.1.11',
140 silly addNameRange     '0.1.12',
140 silly addNameRange     '0.1.13',
140 silly addNameRange     '0.1.14',
140 silly addNameRange     '0.1.15',
140 silly addNameRange     '0.1.16',
140 silly addNameRange     '0.1.17',
140 silly addNameRange     '0.1.18',
140 silly addNameRange     '0.1.19',
140 silly addNameRange     '0.1.20',
140 silly addNameRange     '0.1.21' ] ]
141 verbose addNamed [ 'epoll', '0.1.21' ]
142 verbose addNamed [ '0.1.21', '0.1.21' ]
143 silly lockFile 6a23aaba-epoll-0-1-21 epoll@0.1.21
144 verbose lock epoll@0.1.21 /root/.npm/6a23aaba-epoll-0-1-21.lock
145 http 200 https://registry.npmjs.org/async
146 silly registry.get cb [ 200,
146 silly registry.get   { server: 'nginx/1.10.1',
146 silly registry.get     'content-type': 'application/json',
146 silly registry.get     'last-modified': 'Mon, 20 Mar 2017 05:21:41 GMT',
146 silly registry.get     etag: 'W/"58cf66e5-1e101"',
146 silly registry.get     'content-encoding': 'gzip',
146 silly registry.get     'cache-control': 'max-age=300',
146 silly registry.get     'content-length': '15588',
146 silly registry.get     'accept-ranges': 'bytes',
146 silly registry.get     date: 'Mon, 20 Mar 2017 20:47:52 GMT',
146 silly registry.get     via: '1.1 varnish',
146 silly registry.get     age: '170',
146 silly registry.get     connection: 'keep-alive',
146 silly registry.get     'x-served-by': 'cache-fra1227-FRA',
146 silly registry.get     'x-cache': 'HIT',
146 silly registry.get     'x-cache-hits': '7',
146 silly registry.get     'x-timer': 'S1490042872.041227,VS0,VE0',
146 silly registry.get     vary: 'Accept-Encoding' } ]
147 silly lockFile 945565ec--npmjs-org-debug-debug-2-6-3-tgz https://registry.npmjs.org/debug/-/debug-2.6.3.tgz
148 verbose lock https://registry.npmjs.org/debug/-/debug-2.6.3.tgz /root/.npm/945565ec--npmjs-org-debug-debug-2-6-3-tgz.lock
149 verbose addRemoteTarball [ 'https://registry.npmjs.org/debug/-/debug-2.6.3.tgz',
149 verbose addRemoteTarball   '0f7eb8c30965ec08c72accfa0130c8b79984141d' ]
150 silly lockFile 6a23aaba-epoll-0-1-21 epoll@0.1.21
151 silly lockFile 6a23aaba-epoll-0-1-21 epoll@0.1.21
152 silly addNameRange number 2 { name: 'async', range: '>=1.0.0-0 <2.0.0-0', hasData: true }
153 silly addNameRange versions [ 'async',
153 silly addNameRange   [ '0.1.0',
153 silly addNameRange     '0.1.1',
153 silly addNameRange     '0.1.2',
153 silly addNameRange     '0.1.3',
153 silly addNameRange     '0.1.4',
153 silly addNameRange     '0.1.5',
153 silly addNameRange     '0.1.6',
153 silly addNameRange     '0.1.7',
153 silly addNameRange     '0.1.8',
153 silly addNameRange     '0.1.9',
153 silly addNameRange     '0.1.10',
153 silly addNameRange     '0.1.11',
153 silly addNameRange     '0.1.12',
153 silly addNameRange     '0.1.13',
153 silly addNameRange     '0.1.14',
153 silly addNameRange     '0.1.15',
153 silly addNameRange     '0.1.16',
153 silly addNameRange     '0.1.17',
153 silly addNameRange     '0.1.18',
153 silly addNameRange     '0.1.19',
153 silly addNameRange     '0.1.20',
153 silly addNameRange     '0.1.21',
153 silly addNameRange     '0.1.22',
153 silly addNameRange     '0.2.0',
153 silly addNameRange     '0.2.1',
153 silly addNameRange     '0.2.2',
153 silly addNameRange     '0.2.3',
153 silly addNameRange     '0.2.4',
153 silly addNameRange     '0.2.5',
153 silly addNameRange     '0.2.6',
153 silly addNameRange     '0.2.7',
153 silly addNameRange     '0.2.8',
153 silly addNameRange     '0.2.9',
153 silly addNameRange     '0.2.10',
153 silly addNameRange     '0.3.0',
153 silly addNameRange     '0.4.0',
153 silly addNameRange     '0.4.1',
153 silly addNameRange     '0.5.0',
153 silly addNameRange     '0.6.0',
153 silly addNameRange     '0.6.1',
153 silly addNameRange     '0.6.2',
153 silly addNameRange     '0.7.0',
153 silly addNameRange     '0.8.0',
153 silly addNameRange     '0.9.0',
153 silly addNameRange     '0.9.2',
153 silly addNameRange     '1.0.0',
153 silly addNameRange     '1.1.0',
153 silly addNameRange     '1.2.0',
153 silly addNameRange     '1.1.1',
153 silly addNameRange     '1.2.1',
153 silly addNameRange     '1.3.0',
153 silly addNameRange     '1.4.0',
153 silly addNameRange     '1.4.1',
153 silly addNameRange     '1.4.2',
153 silly addNameRange     '1.5.0',
153 silly addNameRange     '1.5.1',
153 silly addNameRange     '1.5.2',
153 silly addNameRange     '2.0.0-alpha.0',
153 silly addNameRange     '2.0.0-rc.1',
153 silly addNameRange     '2.0.0-rc.2',
153 silly addNameRange     '2.0.0-rc.3',
153 silly addNameRange     '2.0.0-rc.4',
153 silly addNameRange     '2.0.0-rc.5',
153 silly addNameRange     '2.0.0-rc.6',
153 silly addNameRange     '2.0.0',
153 silly addNameRange     '2.0.1',
153 silly addNameRange     '2.1.0',
153 silly addNameRange     '2.1.1',
153 silly addNameRange     '2.1.2',
153 silly addNameRange     '2.1.4',
153 silly addNameRange     '2.1.5' ] ]
154 verbose addNamed [ 'async', '1.5.2' ]
155 verbose addNamed [ '1.5.2', '1.5.2' ]
156 silly lockFile 2d6754e3-async-1-5-2 async@1.5.2
157 verbose lock async@1.5.2 /root/.npm/2d6754e3-async-1-5-2.lock
158 silly lockFile 1b6bce28-epoll-0-1-x epoll@0.1.x
159 silly lockFile 1b6bce28-epoll-0-1-x epoll@0.1.x
160 info retry fetch attempt 1 at 20:47:52
161 verbose fetch to= /tmp/npm-2329-xVJ-YRlx/registry.npmjs.org/debug/-/debug-2.6.3.tgz
162 http GET https://registry.npmjs.org/debug/-/debug-2.6.3.tgz
163 silly lockFile 2d6754e3-async-1-5-2 async@1.5.2
164 silly lockFile 2d6754e3-async-1-5-2 async@1.5.2
165 silly lockFile 53468eee-async-1-x async@1.x
166 silly lockFile 53468eee-async-1-x async@1.x
167 http 200 https://registry.npmjs.org/debug/-/debug-2.6.3.tgz
168 silly lockFile 945565ec--npmjs-org-debug-debug-2-6-3-tgz https://registry.npmjs.org/debug/-/debug-2.6.3.tgz
169 silly lockFile 945565ec--npmjs-org-debug-debug-2-6-3-tgz https://registry.npmjs.org/debug/-/debug-2.6.3.tgz
170 silly lockFile 7e2992e4-debug-2-6-3 debug@2.6.3
171 silly lockFile 7e2992e4-debug-2-6-3 debug@2.6.3
172 silly lockFile 5ea559a0-debug-2-x debug@2.x
173 silly lockFile 5ea559a0-debug-2-x debug@2.x
174 silly resolved [ { name: 'epoll',
174 silly resolved     version: '0.1.21',
174 silly resolved     description: 'A low-level Node.js binding for the Linux epoll API',
174 silly resolved     main: 'epoll.js',
174 silly resolved     directories: { example: 'example', test: 'test' },
174 silly resolved     scripts:
174 silly resolved      { test: 'echo "Tests can only be run manually from the command line." && exit 1',
174 silly resolved        install: 'node-gyp rebuild' },
174 silly resolved     repository: { type: 'git', url: 'git+https://github.com/fivdi/epoll.git' },
174 silly resolved     engines: { node: '>=0.10.0' },
174 silly resolved     dependencies: { bindings: '~1.2.1', nan: '~2.5.1' },
174 silly resolved     keywords:
174 silly resolved      [ 'epoll',
174 silly resolved        'epollpri',
174 silly resolved        'poll',
174 silly resolved        'pollpri',
174 silly resolved        'gpio',
174 silly resolved        'interrupt',
174 silly resolved        'linux' ],
174 silly resolved     author: { name: 'fivdi' },
174 silly resolved     license: 'MIT',
174 silly resolved     gypfile: true,
174 silly resolved     gitHead: 'a6b9d6fecfd6bb1aadf1b470724d8d540cd06bae',
174 silly resolved     bugs: { url: 'https://github.com/fivdi/epoll/issues' },
174 silly resolved     homepage: 'https://github.com/fivdi/epoll#readme',
174 silly resolved     _id: 'epoll@0.1.21',
174 silly resolved     _shasum: '382a08cd934ecbb83693ebf425f4b6b4f6174d97',
174 silly resolved     _from: 'epoll@0.1.x',
174 silly resolved     _npmVersion: '3.9.5',
174 silly resolved     _nodeVersion: '6.2.2',
174 silly resolved     _npmUser: { name: 'fivdi', email: 'fivdiweb@gmail.com' },
174 silly resolved     maintainers: [ [Object] ],
174 silly resolved     dist:
174 silly resolved      { shasum: '382a08cd934ecbb83693ebf425f4b6b4f6174d97',
174 silly resolved        tarball: 'https://registry.npmjs.org/epoll/-/epoll-0.1.21.tgz' },
174 silly resolved     _npmOperationalInternal:
174 silly resolved      { host: 'packages-18-east.internal.npmjs.com',
174 silly resolved        tmp: 'tmp/epoll-0.1.21.tgz_1486886428208_0.11102623958140612' },
174 silly resolved     _resolved: 'https://registry.npmjs.org/epoll/-/epoll-0.1.21.tgz',
174 silly resolved     readme: 'ERROR: No README data found!' },
174 silly resolved   { name: 'async',
174 silly resolved     description: 'Higher-order functions and common patterns for asynchronous code',
174 silly resolved     main: 'lib/async.js',
174 silly resolved     files: [ 'lib', 'dist/async.js', 'dist/async.min.js' ],
174 silly resolved     author: { name: 'Caolan McMahon' },
174 silly resolved     version: '1.5.2',
174 silly resolved     keywords: [ 'async', 'callback', 'utility', 'module' ],
174 silly resolved     repository: { type: 'git', url: 'git+https://github.com/caolan/async.git' },
174 silly resolved     bugs: { url: 'https://github.com/caolan/async/issues' },
174 silly resolved     license: 'MIT',
174 silly resolved     devDependencies:
174 silly resolved      { benchmark: 'github:bestiejs/benchmark.js',
174 silly resolved        bluebird: '^2.9.32',
174 silly resolved        chai: '^3.1.0',
174 silly resolved        coveralls: '^2.11.2',
174 silly resolved        'es6-promise': '^2.3.0',
174 silly resolved        jscs: '^1.13.1',
174 silly resolved        jshint: '~2.8.0',
174 silly resolved        karma: '^0.13.2',
174 silly resolved        'karma-browserify': '^4.2.1',
174 silly resolved        'karma-firefox-launcher': '^0.1.6',
174 silly resolved        'karma-mocha': '^0.2.0',
174 silly resolved        'karma-mocha-reporter': '^1.0.2',
174 silly resolved        lodash: '^3.9.0',
174 silly resolved        mkdirp: '~0.5.1',
174 silly resolved        mocha: '^2.2.5',
174 silly resolved        'native-promise-only': '^0.8.0-a',
174 silly resolved        nodeunit: '>0.0.0',
174 silly resolved        nyc: '^2.1.0',
174 silly resolved        rsvp: '^3.0.18',
174 silly resolved        semver: '^4.3.6',
174 silly resolved        'uglify-js': '~2.4.0',
174 silly resolved        xyz: '^0.5.0',
174 silly resolved        yargs: '~3.9.1' },
174 silly resolved     jam: { main: 'lib/async.js', include: [Object], categories: [Object] },
174 silly resolved     scripts:
174 silly resolved      { 'mocha-node-test': 'mocha mocha_test/',
174 silly resolved        'mocha-browser-test': 'karma start',
174 silly resolved        'mocha-test': 'npm run mocha-node-test && npm run mocha-browser-test',
174 silly resolved        'nodeunit-test': 'nodeunit test/test-async.js',
174 silly resolved        test: 'npm run-script lint && npm run nodeunit-test && npm run mocha-test',
174 silly resolved        lint: 'jshint lib/*.js test/*.js perf/*.js && jscs lib/*.js test/*.js perf/*.js',
174 silly resolved        coverage: 'nyc npm test && nyc report',
174 silly resolved        coveralls: 'nyc npm test && nyc report --reporter=text-lcov | coveralls' },
174 silly resolved     spm: { main: 'lib/async.js' },
174 silly resolved     volo: { main: 'lib/async.js', ignore: [Object] },
174 silly resolved     gitHead: '9ab5c67b7cb3a4c3dad4a2d4552a2f6775545d6c',
174 silly resolved     homepage: 'https://github.com/caolan/async#readme',
174 silly resolved     _id: 'async@1.5.2',
174 silly resolved     _shasum: 'ec6a61ae56480c0c3cb241c95618e20892f9672a',
174 silly resolved     _from: 'async@1.x',
174 silly resolved     _npmVersion: '3.5.2',
174 silly resolved     _nodeVersion: '4.2.3',
174 silly resolved     _npmUser: { name: 'aearly', email: 'alexander.early@gmail.com' },
174 silly resolved     maintainers: [ [Object], [Object], [Object], [Object] ],
174 silly resolved     dist:
174 silly resolved      { shasum: 'ec6a61ae56480c0c3cb241c95618e20892f9672a',
174 silly resolved        tarball: 'https://registry.npmjs.org/async/-/async-1.5.2.tgz' },
174 silly resolved     directories: {},
174 silly resolved     _resolved: 'https://registry.npmjs.org/async/-/async-1.5.2.tgz',
174 silly resolved     readme: 'ERROR: No README data found!' },
174 silly resolved   { name: 'debug',
174 silly resolved     version: '2.6.3',
174 silly resolved     repository: { type: 'git', url: 'git://github.com/visionmedia/debug.git' },
174 silly resolved     description: 'small debugging utility',
174 silly resolved     keywords: [ 'debug', 'log', 'debugger' ],
174 silly resolved     author: { name: 'TJ Holowaychuk', email: 'tj@vision-media.ca' },
174 silly resolved     contributors: [ [Object], [Object] ],
174 silly resolved     license: 'MIT',
174 silly resolved     dependencies: { ms: '0.7.2' },
174 silly resolved     devDependencies:
174 silly resolved      { browserify: '9.0.3',
174 silly resolved        chai: '^3.5.0',
174 silly resolved        concurrently: '^3.1.0',
174 silly resolved        coveralls: '^2.11.15',
174 silly resolved        eslint: '^3.12.1',
174 silly resolved        istanbul: '^0.4.5',
174 silly resolved        karma: '^1.3.0',
174 silly resolved        'karma-chai': '^0.1.0',
174 silly resolved        'karma-mocha': '^1.3.0',
174 silly resolved        'karma-phantomjs-launcher': '^1.0.2',
174 silly resolved        'karma-sinon': '^1.0.5',
174 silly resolved        mocha: '^3.2.0',
174 silly resolved        'mocha-lcov-reporter': '^1.2.0',
174 silly resolved        rimraf: '^2.5.4',
174 silly resolved        sinon: '^1.17.6',
174 silly resolved        'sinon-chai': '^2.8.0' },
174 silly resolved     main: './src/index.js',
174 silly resolved     browser: './src/browser.js',
174 silly resolved     component: { scripts: [Object] },
174 silly resolved     gitHead: '9dc30f8378cc12192635cc6a31f0d96bb39be8bb',
174 silly resolved     bugs: { url: 'https://github.com/visionmedia/debug/issues' },
174 silly resolved     homepage: 'https://github.com/visionmedia/debug#readme',
174 silly resolved     _id: 'debug@2.6.3',
174 silly resolved     scripts: {},
174 silly resolved     _shasum: '0f7eb8c30965ec08c72accfa0130c8b79984141d',
174 silly resolved     _from: 'debug@2.x',
174 silly resolved     _npmVersion: '3.10.9',
174 silly resolved     _nodeVersion: '6.9.2',
174 silly resolved     _npmUser: { name: 'thebigredgeek', email: 'rhyneandrew@gmail.com' },
174 silly resolved     dist:
174 silly resolved      { shasum: '0f7eb8c30965ec08c72accfa0130c8b79984141d',
174 silly resolved        tarball: 'https://registry.npmjs.org/debug/-/debug-2.6.3.tgz' },
174 silly resolved     maintainers: [ [Object] ],
174 silly resolved     _npmOperationalInternal:
174 silly resolved      { host: 'packages-12-west.internal.npmjs.com',
174 silly resolved        tmp: 'tmp/debug-2.6.3.tgz_1489463433800_0.9440390267409384' },
174 silly resolved     directories: {},
174 silly resolved     _resolved: 'https://registry.npmjs.org/debug/-/debug-2.6.3.tgz' } ]
175 info install epoll@0.1.21 into /home/pi/Desktop/raspTest/nodeScriprts/node_modules/rpi-gpio
176 info install async@1.5.2 into /home/pi/Desktop/raspTest/nodeScriprts/node_modules/rpi-gpio
177 info install debug@2.6.3 into /home/pi/Desktop/raspTest/nodeScriprts/node_modules/rpi-gpio
178 info installOne epoll@0.1.21
179 info installOne async@1.5.2
180 info installOne debug@2.6.3
181 verbose node_modules/rpi-gpio/node_modules/epoll unbuild
182 verbose node_modules/rpi-gpio/node_modules/async unbuild
183 verbose tar unpack /root/.npm/epoll/0.1.21/package.tgz
184 silly lockFile e4f09833-ules-rpi-gpio-node-modules-epoll tar:///home/pi/Desktop/raspTest/nodeScriprts/node_modules/rpi-gpio/node_modules/epoll
185 verbose lock tar:///home/pi/Desktop/raspTest/nodeScriprts/node_modules/rpi-gpio/node_modules/epoll /root/.npm/e4f09833-ules-rpi-gpio-node-modules-epoll.lock
186 silly lockFile f6b18712-oot-npm-epoll-0-1-21-package-tgz tar:///root/.npm/epoll/0.1.21/package.tgz
187 verbose lock tar:///root/.npm/epoll/0.1.21/package.tgz /root/.npm/f6b18712-oot-npm-epoll-0-1-21-package-tgz.lock
188 verbose tar unpack /root/.npm/async/1.5.2/package.tgz
189 silly lockFile 753eba6f-ules-rpi-gpio-node-modules-async tar:///home/pi/Desktop/raspTest/nodeScriprts/node_modules/rpi-gpio/node_modules/async
190 verbose lock tar:///home/pi/Desktop/raspTest/nodeScriprts/node_modules/rpi-gpio/node_modules/async /root/.npm/753eba6f-ules-rpi-gpio-node-modules-async.lock
191 silly lockFile d7e5986b-root-npm-async-1-5-2-package-tgz tar:///root/.npm/async/1.5.2/package.tgz
192 verbose lock tar:///root/.npm/async/1.5.2/package.tgz /root/.npm/d7e5986b-root-npm-async-1-5-2-package-tgz.lock
193 verbose node_modules/rpi-gpio/node_modules/debug unbuild
194 silly gunzTarPerm modes [ '755', '644' ]
195 silly gunzTarPerm modes [ '755', '644' ]
196 verbose tar unpack /root/.npm/debug/2.6.3/package.tgz
197 silly lockFile 12998c51-ules-rpi-gpio-node-modules-debug tar:///home/pi/Desktop/raspTest/nodeScriprts/node_modules/rpi-gpio/node_modules/debug
198 verbose lock tar:///home/pi/Desktop/raspTest/nodeScriprts/node_modules/rpi-gpio/node_modules/debug /root/.npm/12998c51-ules-rpi-gpio-node-modules-debug.lock
199 silly lockFile 87282aad-root-npm-debug-2-6-3-package-tgz tar:///root/.npm/debug/2.6.3/package.tgz
200 verbose lock tar:///root/.npm/debug/2.6.3/package.tgz /root/.npm/87282aad-root-npm-debug-2-6-3-package-tgz.lock
201 silly gunzTarPerm modes [ '755', '644' ]
202 silly gunzTarPerm extractEntry package.json
203 silly gunzTarPerm modified mode [ 'package.json', 436, 420 ]
204 silly gunzTarPerm extractEntry package.json
205 silly gunzTarPerm extractEntry package.json
206 silly gunzTarPerm modified mode [ 'package.json', 436, 420 ]
207 silly gunzTarPerm extractEntry .npmignore
208 silly gunzTarPerm modified mode [ '.npmignore', 436, 420 ]
209 silly gunzTarPerm extractEntry README.md
210 silly gunzTarPerm modified mode [ 'README.md', 436, 420 ]
211 silly gunzTarPerm extractEntry .npmignore
212 silly gunzTarPerm extractEntry README.md
213 silly gunzTarPerm extractEntry README.md
214 silly gunzTarPerm modified mode [ 'README.md', 436, 420 ]
215 silly gunzTarPerm extractEntry LICENSE
216 silly gunzTarPerm modified mode [ 'LICENSE', 436, 420 ]
217 silly gunzTarPerm extractEntry LICENSE
218 silly gunzTarPerm modified mode [ 'LICENSE', 436, 420 ]
219 silly gunzTarPerm extractEntry epoll.js
220 silly gunzTarPerm modified mode [ 'epoll.js', 436, 420 ]
221 silly gunzTarPerm extractEntry CHANGELOG.md
222 silly gunzTarPerm modified mode [ 'CHANGELOG.md', 436, 420 ]
223 silly gunzTarPerm extractEntry dist/async.js
224 silly gunzTarPerm modified mode [ 'dist/async.js', 436, 420 ]
225 silly gunzTarPerm extractEntry LICENSE
226 silly gunzTarPerm extractEntry History.md
227 silly gunzTarPerm modified mode [ 'History.md', 436, 420 ]
228 silly gunzTarPerm extractEntry binding.gyp
229 silly gunzTarPerm modified mode [ 'binding.gyp', 436, 420 ]
230 silly gunzTarPerm extractEntry example/interrupts-per-second/interrupts-per-second.js
231 silly gunzTarPerm modified mode [ 'example/interrupts-per-second/interrupts-per-second.js',
231 silly gunzTarPerm   436,
231 silly gunzTarPerm   420 ]
232 silly gunzTarPerm extractEntry example/interrupts-per-second/export
233 silly gunzTarPerm modified mode [ 'example/interrupts-per-second/export', 509, 493 ]
234 silly gunzTarPerm extractEntry example/interrupts-per-second/unexport
235 silly gunzTarPerm modified mode [ 'example/interrupts-per-second/unexport', 509, 493 ]
236 silly gunzTarPerm extractEntry example/watch-button/watch-button.js
237 silly gunzTarPerm modified mode [ 'example/watch-button/watch-button.js', 436, 420 ]
238 silly gunzTarPerm extractEntry example/watch-button/export
239 silly gunzTarPerm modified mode [ 'example/watch-button/export', 509, 493 ]
240 silly gunzTarPerm extractEntry example/watch-button/unexport
241 silly gunzTarPerm modified mode [ 'example/watch-button/unexport', 509, 493 ]
242 silly gunzTarPerm extractEntry src/epoll.cc
243 silly gunzTarPerm modified mode [ 'src/epoll.cc', 436, 420 ]
244 silly gunzTarPerm extractEntry src/epoll.h
245 silly gunzTarPerm modified mode [ 'src/epoll.h', 436, 420 ]
246 silly gunzTarPerm extractEntry test/brute-force-leak-check.js
247 silly gunzTarPerm modified mode [ 'test/brute-force-leak-check.js', 436, 420 ]
248 silly gunzTarPerm extractEntry test/do-almost-nothing.js
249 silly gunzTarPerm modified mode [ 'test/do-almost-nothing.js', 436, 420 ]
250 silly gunzTarPerm extractEntry test/do-nothing.js
251 silly gunzTarPerm modified mode [ 'test/do-nothing.js', 436, 420 ]
252 silly gunzTarPerm extractEntry test/no-gc-allowed.js
253 silly gunzTarPerm modified mode [ 'test/no-gc-allowed.js', 436, 420 ]
254 silly gunzTarPerm extractEntry test/closed.js
255 silly gunzTarPerm modified mode [ 'test/closed.js', 436, 420 ]
256 silly gunzTarPerm extractEntry test/performance-check.js
257 silly gunzTarPerm modified mode [ 'test/performance-check.js', 436, 420 ]
258 silly gunzTarPerm extractEntry test/util.js
259 silly gunzTarPerm modified mode [ 'test/util.js', 436, 420 ]
260 silly gunzTarPerm extractEntry test/two-shot.js
261 silly gunzTarPerm modified mode [ 'test/two-shot.js', 436, 420 ]
262 silly gunzTarPerm extractEntry test/verify-events.js
263 silly gunzTarPerm modified mode [ 'test/verify-events.js', 436, 420 ]
264 silly gunzTarPerm extractEntry test/one-shot.js
265 silly gunzTarPerm modified mode [ 'test/one-shot.js', 436, 420 ]
266 silly gunzTarPerm extractEntry test/run-tests
267 silly gunzTarPerm modified mode [ 'test/run-tests', 509, 493 ]
268 silly gunzTarPerm extractEntry karma.conf.js
269 silly gunzTarPerm extractEntry node.js
270 silly gunzTarPerm extractEntry component.json
271 silly gunzTarPerm extractEntry Makefile
272 silly gunzTarPerm extractEntry .coveralls.yml
273 silly gunzTarPerm extractEntry bower.json
274 silly gunzTarPerm extractEntry .eslintrc
275 silly gunzTarPerm extractEntry .travis.yml
276 silly gunzTarPerm extractEntry CHANGELOG.md
277 silly gunzTarPerm extractEntry src/browser.js
278 silly gunzTarPerm extractEntry src/debug.js
279 silly gunzTarPerm extractEntry src/index.js
280 silly gunzTarPerm extractEntry src/node.js
281 silly gunzTarPerm extractEntry dist/async.min.js
282 silly gunzTarPerm modified mode [ 'dist/async.min.js', 436, 420 ]
283 silly gunzTarPerm extractEntry lib/async.js
284 silly gunzTarPerm modified mode [ 'lib/async.js', 436, 420 ]
285 silly lockFile 12998c51-ules-rpi-gpio-node-modules-debug tar:///home/pi/Desktop/raspTest/nodeScriprts/node_modules/rpi-gpio/node_modules/debug
286 silly lockFile 12998c51-ules-rpi-gpio-node-modules-debug tar:///home/pi/Desktop/raspTest/nodeScriprts/node_modules/rpi-gpio/node_modules/debug
287 silly lockFile 87282aad-root-npm-debug-2-6-3-package-tgz tar:///root/.npm/debug/2.6.3/package.tgz
288 silly lockFile 87282aad-root-npm-debug-2-6-3-package-tgz tar:///root/.npm/debug/2.6.3/package.tgz
289 info preinstall debug@2.6.3
290 verbose readDependencies using package.json deps
291 verbose readDependencies using package.json deps
292 verbose cache add [ 'ms@0.7.2', null ]
293 verbose cache add name=undefined spec="ms@0.7.2" args=["ms@0.7.2",null]
294 verbose parsed url { protocol: null,
294 verbose parsed url   slashes: null,
294 verbose parsed url   auth: null,
294 verbose parsed url   host: null,
294 verbose parsed url   port: null,
294 verbose parsed url   hostname: null,
294 verbose parsed url   hash: null,
294 verbose parsed url   search: null,
294 verbose parsed url   query: null,
294 verbose parsed url   pathname: 'ms@0.7.2',
294 verbose parsed url   path: 'ms@0.7.2',
294 verbose parsed url   href: 'ms@0.7.2' }
295 verbose cache add name="ms" spec="0.7.2" args=["ms","0.7.2"]
296 verbose parsed url { protocol: null,
296 verbose parsed url   slashes: null,
296 verbose parsed url   auth: null,
296 verbose parsed url   host: null,
296 verbose parsed url   port: null,
296 verbose parsed url   hostname: null,
296 verbose parsed url   hash: null,
296 verbose parsed url   search: null,
296 verbose parsed url   query: null,
296 verbose parsed url   pathname: '0.7.2',
296 verbose parsed url   path: '0.7.2',
296 verbose parsed url   href: '0.7.2' }
297 verbose addNamed [ 'ms', '0.7.2' ]
298 verbose addNamed [ '0.7.2', '0.7.2' ]
299 silly lockFile 5887faa5-ms-0-7-2 ms@0.7.2
300 verbose lock ms@0.7.2 /root/.npm/5887faa5-ms-0-7-2.lock
301 verbose request where is /ms
302 verbose request registry https://registry.npmjs.org/
303 verbose url raw /ms
304 verbose url resolving [ 'https://registry.npmjs.org/', './ms' ]
305 verbose url resolved https://registry.npmjs.org/ms
306 verbose request where is https://registry.npmjs.org/ms
307 info trying registry request attempt 1 at 20:47:52
308 verbose etag W/"58997ee2-2c54"
309 http GET https://registry.npmjs.org/ms
310 silly lockFile e4f09833-ules-rpi-gpio-node-modules-epoll tar:///home/pi/Desktop/raspTest/nodeScriprts/node_modules/rpi-gpio/node_modules/epoll
311 silly lockFile e4f09833-ules-rpi-gpio-node-modules-epoll tar:///home/pi/Desktop/raspTest/nodeScriprts/node_modules/rpi-gpio/node_modules/epoll
312 silly lockFile f6b18712-oot-npm-epoll-0-1-21-package-tgz tar:///root/.npm/epoll/0.1.21/package.tgz
313 silly lockFile f6b18712-oot-npm-epoll-0-1-21-package-tgz tar:///root/.npm/epoll/0.1.21/package.tgz
314 info preinstall epoll@0.1.21
315 verbose readDependencies using package.json deps
316 verbose readDependencies using package.json deps
317 verbose cache add [ 'bindings@~1.2.1', null ]
318 verbose cache add name=undefined spec="bindings@~1.2.1" args=["bindings@~1.2.1",null]
319 verbose parsed url { protocol: null,
319 verbose parsed url   slashes: null,
319 verbose parsed url   auth: null,
319 verbose parsed url   host: null,
319 verbose parsed url   port: null,
319 verbose parsed url   hostname: null,
319 verbose parsed url   hash: null,
319 verbose parsed url   search: null,
319 verbose parsed url   query: null,
319 verbose parsed url   pathname: 'bindings@~1.2.1',
319 verbose parsed url   path: 'bindings@~1.2.1',
319 verbose parsed url   href: 'bindings@~1.2.1' }
320 verbose cache add [ 'nan@~2.5.1', null ]
321 verbose cache add name=undefined spec="nan@~2.5.1" args=["nan@~2.5.1",null]
322 verbose parsed url { protocol: null,
322 verbose parsed url   slashes: null,
322 verbose parsed url   auth: null,
322 verbose parsed url   host: null,
322 verbose parsed url   port: null,
322 verbose parsed url   hostname: null,
322 verbose parsed url   hash: null,
322 verbose parsed url   search: null,
322 verbose parsed url   query: null,
322 verbose parsed url   pathname: 'nan@~2.5.1',
322 verbose parsed url   path: 'nan@~2.5.1',
322 verbose parsed url   href: 'nan@~2.5.1' }
323 verbose cache add name="bindings" spec="~1.2.1" args=["bindings","~1.2.1"]
324 verbose parsed url { protocol: null,
324 verbose parsed url   slashes: null,
324 verbose parsed url   auth: null,
324 verbose parsed url   host: null,
324 verbose parsed url   port: null,
324 verbose parsed url   hostname: null,
324 verbose parsed url   hash: null,
324 verbose parsed url   search: null,
324 verbose parsed url   query: null,
324 verbose parsed url   pathname: '~1.2.1',
324 verbose parsed url   path: '~1.2.1',
324 verbose parsed url   href: '~1.2.1' }
325 verbose addNamed [ 'bindings', '~1.2.1' ]
326 verbose addNamed [ null, '>=1.2.1-0 <1.3.0-0' ]
327 silly lockFile b7a61b57-bindings-1-2-1 bindings@~1.2.1
328 verbose lock bindings@~1.2.1 /root/.npm/b7a61b57-bindings-1-2-1.lock
329 verbose cache add name="nan" spec="~2.5.1" args=["nan","~2.5.1"]
330 verbose parsed url { protocol: null,
330 verbose parsed url   slashes: null,
330 verbose parsed url   auth: null,
330 verbose parsed url   host: null,
330 verbose parsed url   port: null,
330 verbose parsed url   hostname: null,
330 verbose parsed url   hash: null,
330 verbose parsed url   search: null,
330 verbose parsed url   query: null,
330 verbose parsed url   pathname: '~2.5.1',
330 verbose parsed url   path: '~2.5.1',
330 verbose parsed url   href: '~2.5.1' }
331 verbose addNamed [ 'nan', '~2.5.1' ]
332 verbose addNamed [ null, '>=2.5.1-0 <2.6.0-0' ]
333 silly lockFile c909bb8e-nan-2-5-1 nan@~2.5.1
334 verbose lock nan@~2.5.1 /root/.npm/c909bb8e-nan-2-5-1.lock
335 silly addNameRange { name: 'bindings', range: '>=1.2.1-0 <1.3.0-0', hasData: false }
336 silly addNameRange { name: 'nan', range: '>=2.5.1-0 <2.6.0-0', hasData: false }
337 verbose request where is /bindings
338 verbose request registry https://registry.npmjs.org/
339 verbose url raw /bindings
340 verbose url resolving [ 'https://registry.npmjs.org/', './bindings' ]
341 verbose url resolved https://registry.npmjs.org/bindings
342 verbose request where is https://registry.npmjs.org/bindings
343 info trying registry request attempt 1 at 20:47:53
344 verbose etag W/"580645d3-46f7"
345 http GET https://registry.npmjs.org/bindings
346 verbose request where is /nan
347 verbose request registry https://registry.npmjs.org/
348 verbose url raw /nan
349 verbose url resolving [ 'https://registry.npmjs.org/', './nan' ]
350 verbose url resolved https://registry.npmjs.org/nan
351 verbose request where is https://registry.npmjs.org/nan
352 info trying registry request attempt 1 at 20:47:53
353 verbose etag W/"58a44b6b-1df62"
354 http GET https://registry.npmjs.org/nan
355 silly lockFile 753eba6f-ules-rpi-gpio-node-modules-async tar:///home/pi/Desktop/raspTest/nodeScriprts/node_modules/rpi-gpio/node_modules/async
356 silly lockFile 753eba6f-ules-rpi-gpio-node-modules-async tar:///home/pi/Desktop/raspTest/nodeScriprts/node_modules/rpi-gpio/node_modules/async
357 silly lockFile d7e5986b-root-npm-async-1-5-2-package-tgz tar:///root/.npm/async/1.5.2/package.tgz
358 silly lockFile d7e5986b-root-npm-async-1-5-2-package-tgz tar:///root/.npm/async/1.5.2/package.tgz
359 info preinstall async@1.5.2
360 verbose readDependencies using package.json deps
361 verbose readDependencies using package.json deps
362 silly resolved []
363 verbose about to build /home/pi/Desktop/raspTest/nodeScriprts/node_modules/rpi-gpio/node_modules/async
364 info build /home/pi/Desktop/raspTest/nodeScriprts/node_modules/rpi-gpio/node_modules/async
365 verbose linkStuff [ false,
365 verbose linkStuff   false,
365 verbose linkStuff   false,
365 verbose linkStuff   '/home/pi/Desktop/raspTest/nodeScriprts/node_modules/rpi-gpio/node_modules' ]
366 info linkStuff async@1.5.2
367 verbose linkBins async@1.5.2
368 verbose linkMans async@1.5.2
369 verbose rebuildBundles async@1.5.2
370 info install async@1.5.2
371 info postinstall async@1.5.2
372 http 200 https://registry.npmjs.org/ms
373 silly registry.get cb [ 200,
373 silly registry.get   { server: 'nginx/1.10.1',
373 silly registry.get     'content-type': 'application/json',
373 silly registry.get     'last-modified': 'Sun, 19 Mar 2017 21:43:15 GMT',
373 silly registry.get     etag: 'W/"58cefb73-35f2"',
373 silly registry.get     'content-encoding': 'gzip',
373 silly registry.get     'cache-control': 'max-age=300',
373 silly registry.get     'content-length': '3471',
373 silly registry.get     'accept-ranges': 'bytes',
373 silly registry.get     date: 'Mon, 20 Mar 2017 20:47:53 GMT',
373 silly registry.get     via: '1.1 varnish',
373 silly registry.get     age: '168',
373 silly registry.get     connection: 'keep-alive',
373 silly registry.get     'x-served-by': 'cache-fra1221-FRA',
373 silly registry.get     'x-cache': 'HIT',
373 silly registry.get     'x-cache-hits': '3',
373 silly registry.get     'x-timer': 'S1490042873.182365,VS0,VE0',
373 silly registry.get     vary: 'Accept-Encoding' } ]
374 silly lockFile 26545f54-gistry-npmjs-org-ms-ms-0-7-2-tgz https://registry.npmjs.org/ms/-/ms-0.7.2.tgz
375 verbose lock https://registry.npmjs.org/ms/-/ms-0.7.2.tgz /root/.npm/26545f54-gistry-npmjs-org-ms-ms-0-7-2-tgz.lock
376 verbose addRemoteTarball [ 'https://registry.npmjs.org/ms/-/ms-0.7.2.tgz',
376 verbose addRemoteTarball   'ae25cf2512b3885a1d95d7f037868d8431124765' ]
377 info retry fetch attempt 1 at 20:47:53
378 verbose fetch to= /tmp/npm-2329-xVJ-YRlx/registry.npmjs.org/ms/-/ms-0.7.2.tgz
379 http GET https://registry.npmjs.org/ms/-/ms-0.7.2.tgz
380 http 304 https://registry.npmjs.org/bindings
381 silly registry.get cb [ 304,
381 silly registry.get   { date: 'Mon, 20 Mar 2017 20:47:53 GMT',
381 silly registry.get     via: '1.1 varnish',
381 silly registry.get     'cache-control': 'max-age=300',
381 silly registry.get     etag: 'W/"580645d3-46f7"',
381 silly registry.get     age: '148',
381 silly registry.get     connection: 'keep-alive',
381 silly registry.get     'x-served-by': 'cache-fra1236-FRA',
381 silly registry.get     'x-cache': 'HIT',
381 silly registry.get     'x-cache-hits': '1',
381 silly registry.get     'x-timer': 'S1490042873.226624,VS0,VE0',
381 silly registry.get     vary: 'Accept-Encoding' } ]
382 verbose etag https://registry.npmjs.org/bindings from cache
383 silly addNameRange number 2 { name: 'bindings', range: '>=1.2.1-0 <1.3.0-0', hasData: true }
384 silly addNameRange versions [ 'bindings',
384 silly addNameRange   [ '0.0.1',
384 silly addNameRange     '0.1.0',
384 silly addNameRange     '0.1.1',
384 silly addNameRange     '0.2.0',
384 silly addNameRange     '0.2.1',
384 silly addNameRange     '0.2.2',
384 silly addNameRange     '0.2.3',
384 silly addNameRange     '0.2.4',
384 silly addNameRange     '0.3.0',
384 silly addNameRange     '0.4.0',
384 silly addNameRange     '1.0.0',
384 silly addNameRange     '1.1.0',
384 silly addNameRange     '1.1.1',
384 silly addNameRange     '1.2.0',
384 silly addNameRange     '1.2.1' ] ]
385 verbose addNamed [ 'bindings', '1.2.1' ]
386 verbose addNamed [ '1.2.1', '1.2.1' ]
387 silly lockFile e9060511-bindings-1-2-1 bindings@1.2.1
388 verbose lock bindings@1.2.1 /root/.npm/e9060511-bindings-1-2-1.lock
389 silly lockFile e9060511-bindings-1-2-1 bindings@1.2.1
390 silly lockFile e9060511-bindings-1-2-1 bindings@1.2.1
391 silly lockFile b7a61b57-bindings-1-2-1 bindings@~1.2.1
392 silly lockFile b7a61b57-bindings-1-2-1 bindings@~1.2.1
393 http 200 https://registry.npmjs.org/nan
394 silly registry.get cb [ 200,
394 silly registry.get   { server: 'nginx/1.10.1',
394 silly registry.get     'content-type': 'application/json',
394 silly registry.get     'last-modified': 'Fri, 17 Mar 2017 12:15:06 GMT',
394 silly registry.get     etag: 'W/"58cbd34a-1df6f"',
394 silly registry.get     'content-encoding': 'gzip',
394 silly registry.get     'cache-control': 'max-age=300',
394 silly registry.get     'content-length': '14438',
394 silly registry.get     'accept-ranges': 'bytes',
394 silly registry.get     date: 'Mon, 20 Mar 2017 20:47:53 GMT',
394 silly registry.get     via: '1.1 varnish',
394 silly registry.get     age: '162',
394 silly registry.get     connection: 'keep-alive',
394 silly registry.get     'x-served-by': 'cache-fra1235-FRA',
394 silly registry.get     'x-cache': 'HIT',
394 silly registry.get     'x-cache-hits': '2',
394 silly registry.get     'x-timer': 'S1490042873.244393,VS0,VE0',
394 silly registry.get     vary: 'Accept-Encoding' } ]
395 silly addNameRange number 2 { name: 'nan', range: '>=2.5.1-0 <2.6.0-0', hasData: true }
396 silly addNameRange versions [ 'nan',
396 silly addNameRange   [ '0.3.0-wip',
396 silly addNameRange     '0.3.0-wip2',
396 silly addNameRange     '0.3.0',
396 silly addNameRange     '0.3.1',
396 silly addNameRange     '0.3.2',
396 silly addNameRange     '0.4.0',
396 silly addNameRange     '0.4.1',
396 silly addNameRange     '0.4.2',
396 silly addNameRange     '0.4.3',
396 silly addNameRange     '0.4.4',
396 silly addNameRange     '0.5.0',
396 silly addNameRange     '0.5.1',
396 silly addNameRange     '0.5.2',
396 silly addNameRange     '0.6.0',
396 silly addNameRange     '0.7.0',
396 silly addNameRange     '0.7.1',
396 silly addNameRange     '0.8.0',
396 silly addNameRange     '1.0.0',
396 silly addNameRange     '1.1.0',
396 silly addNameRange     '1.1.1',
396 silly addNameRange     '1.1.2',
396 silly addNameRange     '1.2.0',
396 silly addNameRange     '1.3.0',
396 silly addNameRange     '1.4.0',
396 silly addNameRange     '1.4.1',
396 silly addNameRange     '1.5.0',
396 silly addNameRange     '1.4.2',
396 silly addNameRange     '1.4.3',
396 silly addNameRange     '1.5.1',
396 silly addNameRange     '1.5.2',
396 silly addNameRange     '1.6.0',
396 silly addNameRange     '1.5.3',
396 silly addNameRange     '1.6.1',
396 silly addNameRange     '1.6.2',
396 silly addNameRange     '1.7.0',
396 silly addNameRange     '1.8.0',
396 silly addNameRange     '1.8.1',
396 silly addNameRange     '1.8.2',
396 silly addNameRange     '1.8.3',
396 silly addNameRange     '1.8.4',
396 silly addNameRange     '1.9.0',
396 silly addNameRange     '2.0.0',
396 silly addNameRange     '2.0.1',
396 silly addNameRange     '2.0.2',
396 silly addNameRange     '2.0.3',
396 silly addNameRange     '2.0.4',
396 silly addNameRange     '2.0.5',
396 silly addNameRange     '2.0.6',
396 silly addNameRange     '2.0.7',
396 silly addNameRange     '2.0.8',
396 silly addNameRange     '2.0.9',
396 silly addNameRange     '2.1.0',
396 silly addNameRange     '2.2.0',
396 silly addNameRange     '2.2.1',
396 silly addNameRange     '2.3.0',
396 silly addNameRange     '2.3.1',
396 silly addNameRange     '2.3.2',
396 silly addNameRange     '2.3.3',
396 silly addNameRange     '2.3.4',
396 silly addNameRange     '2.3.5',
396 silly addNameRange     '2.4.0',
396 silly addNameRange     '2.5.0',
396 silly addNameRange     '2.5.1' ] ]
397 verbose addNamed [ 'nan', '2.5.1' ]
398 verbose addNamed [ '2.5.1', '2.5.1' ]
399 silly lockFile 8e588505-nan-2-5-1 nan@2.5.1
400 verbose lock nan@2.5.1 /root/.npm/8e588505-nan-2-5-1.lock
401 silly lockFile 8e588505-nan-2-5-1 nan@2.5.1
402 silly lockFile 8e588505-nan-2-5-1 nan@2.5.1
403 silly lockFile c909bb8e-nan-2-5-1 nan@~2.5.1
404 silly lockFile c909bb8e-nan-2-5-1 nan@~2.5.1
405 silly resolved [ { name: 'bindings',
405 silly resolved     description: 'Helper module for loading your native module\'s .node file',
405 silly resolved     keywords: [ 'native', 'addon', 'bindings', 'gyp', 'waf', 'c', 'c++' ],
405 silly resolved     version: '1.2.1',
405 silly resolved     author:
405 silly resolved      { name: 'Nathan Rajlich',
405 silly resolved        email: 'nathan@tootallnate.net',
405 silly resolved        url: 'http://tootallnate.net' },
405 silly resolved     repository:
405 silly resolved      { type: 'git',
405 silly resolved        url: 'git://github.com/TooTallNate/node-bindings.git' },
405 silly resolved     main: './bindings.js',
405 silly resolved     bugs: { url: 'https://github.com/TooTallNate/node-bindings/issues' },
405 silly resolved     homepage: 'https://github.com/TooTallNate/node-bindings',
405 silly resolved     license: 'MIT',
405 silly resolved     gitHead: 'e404152ee27f8478ccbc7122ee051246e8e5ec02',
405 silly resolved     _id: 'bindings@1.2.1',
405 silly resolved     scripts: {},
405 silly resolved     _shasum: '14ad6113812d2d37d72e67b4cacb4bb726505f11',
405 silly resolved     _from: 'bindings@~1.2.1',
405 silly resolved     _npmVersion: '1.4.14',
405 silly resolved     _npmUser: { name: 'tootallnate', email: 'nathan@tootallnate.net' },
405 silly resolved     maintainers: [ [Object], [Object] ],
405 silly resolved     dist:
405 silly resolved      { shasum: '14ad6113812d2d37d72e67b4cacb4bb726505f11',
405 silly resolved        tarball: 'https://registry.npmjs.org/bindings/-/bindings-1.2.1.tgz' },
405 silly resolved     directories: {},
405 silly resolved     _resolved: 'https://registry.npmjs.org/bindings/-/bindings-1.2.1.tgz',
405 silly resolved     readme: 'ERROR: No README data found!' },
405 silly resolved   { name: 'nan',
405 silly resolved     version: '2.5.1',
405 silly resolved     description: 'Native Abstractions for Node.js: C++ header for Node 0.8 -> 7 compatibility',
405 silly resolved     main: 'include_dirs.js',
405 silly resolved     repository: { type: 'git', url: 'git://github.com/nodejs/nan.git' },
405 silly resolved     scripts:
405 silly resolved      { test: 'tap --gc --stderr test/js/*-test.js',
405 silly resolved        'rebuild-tests': 'node-gyp rebuild --msvs_version=2013 --directory test',
405 silly resolved        docs: 'doc/.build.sh' },
405 silly resolved     contributors:
405 silly resolved      [ [Object],
405 silly resolved        [Object],
405 silly resolved        [Object],
405 silly resolved        [Object],
405 silly resolved        [Object],
405 silly resolved        [Object],
405 silly resolved        [Object] ],
405 silly resolved     devDependencies:
405 silly resolved      { bindings: '~1.2.1',
405 silly resolved        commander: '^2.8.1',
405 silly resolved        glob: '^5.0.14',
405 silly resolved        'node-gyp': '~3.0.1',
405 silly resolved        'readable-stream': '^2.1.4',
405 silly resolved        tap: '~0.7.1',
405 silly resolved        xtend: '~4.0.0' },
405 silly resolved     license: 'MIT',
405 silly resolved     bugs: { url: 'https://github.com/nodejs/nan/issues' },
405 silly resolved     homepage: 'https://github.com/nodejs/nan#readme',
405 silly resolved     _id: 'nan@2.5.1',
405 silly resolved     _shasum: 'd5b01691253326a97a2bbee9e61c55d8d60351e2',
405 silly resolved     _resolved: 'https://registry.npmjs.org/nan/-/nan-2.5.1.tgz',
405 silly resolved     _from: 'nan@~2.5.1',
405 silly resolved     _npmVersion: '4.0.5',
405 silly resolved     _nodeVersion: '7.4.0',
405 silly resolved     _npmUser: { name: 'kkoopa', email: 'bbyholm@abo.fi' },
405 silly resolved     dist:
405 silly resolved      { shasum: 'd5b01691253326a97a2bbee9e61c55d8d60351e2',
405 silly resolved        tarball: 'https://registry.npmjs.org/nan/-/nan-2.5.1.tgz' },
405 silly resolved     maintainers: [ [Object], [Object] ],
405 silly resolved     _npmOperationalInternal:
405 silly resolved      { host: 'packages-18-east.internal.npmjs.com',
405 silly resolved        tmp: 'tmp/nan-2.5.1.tgz_1485124061146_0.7941144248470664' },
405 silly resolved     directories: {},
405 silly resolved     readme: 'ERROR: No README data found!' } ]
406 info install bindings@1.2.1 into /home/pi/Desktop/raspTest/nodeScriprts/node_modules/rpi-gpio/node_modules/epoll
407 info install nan@2.5.1 into /home/pi/Desktop/raspTest/nodeScriprts/node_modules/rpi-gpio/node_modules/epoll
408 info installOne bindings@1.2.1
409 info installOne nan@2.5.1
410 verbose node_modules/rpi-gpio/node_modules/epoll/node_modules/bindings unbuild
411 verbose node_modules/rpi-gpio/node_modules/epoll/node_modules/nan unbuild
412 verbose tar unpack /root/.npm/bindings/1.2.1/package.tgz
413 silly lockFile 06d397d3-ules-epoll-node-modules-bindings tar:///home/pi/Desktop/raspTest/nodeScriprts/node_modules/rpi-gpio/node_modules/epoll/node_modules/bindings
414 verbose lock tar:///home/pi/Desktop/raspTest/nodeScriprts/node_modules/rpi-gpio/node_modules/epoll/node_modules/bindings /root/.npm/06d397d3-ules-epoll-node-modules-bindings.lock
415 silly lockFile 479db54d-t-npm-bindings-1-2-1-package-tgz tar:///root/.npm/bindings/1.2.1/package.tgz
416 verbose lock tar:///root/.npm/bindings/1.2.1/package.tgz /root/.npm/479db54d-t-npm-bindings-1-2-1-package-tgz.lock
417 verbose tar unpack /root/.npm/nan/2.5.1/package.tgz
418 silly lockFile 333a6f00-e-modules-epoll-node-modules-nan tar:///home/pi/Desktop/raspTest/nodeScriprts/node_modules/rpi-gpio/node_modules/epoll/node_modules/nan
419 verbose lock tar:///home/pi/Desktop/raspTest/nodeScriprts/node_modules/rpi-gpio/node_modules/epoll/node_modules/nan /root/.npm/333a6f00-e-modules-epoll-node-modules-nan.lock
420 silly lockFile c30af3ec-r-root-npm-nan-2-5-1-package-tgz tar:///root/.npm/nan/2.5.1/package.tgz
421 verbose lock tar:///root/.npm/nan/2.5.1/package.tgz /root/.npm/c30af3ec-r-root-npm-nan-2-5-1-package-tgz.lock
422 silly gunzTarPerm modes [ '755', '644' ]
423 silly gunzTarPerm modes [ '755', '644' ]
424 silly gunzTarPerm extractEntry package.json
425 silly gunzTarPerm extractEntry README.md
426 silly gunzTarPerm extractEntry bindings.js
427 silly gunzTarPerm extractEntry package.json
428 silly gunzTarPerm modified mode [ 'package.json', 436, 420 ]
429 silly gunzTarPerm extractEntry README.md
430 silly gunzTarPerm modified mode [ 'README.md', 436, 420 ]
431 silly gunzTarPerm extractEntry include_dirs.js
432 silly gunzTarPerm modified mode [ 'include_dirs.js', 436, 420 ]
433 http 200 https://registry.npmjs.org/ms/-/ms-0.7.2.tgz
434 silly gunzTarPerm extractEntry nan_converters.h
435 silly gunzTarPerm modified mode [ 'nan_converters.h', 436, 420 ]
436 silly gunzTarPerm extractEntry CHANGELOG.md
437 silly gunzTarPerm modified mode [ 'CHANGELOG.md', 436, 420 ]
438 silly lockFile 26545f54-gistry-npmjs-org-ms-ms-0-7-2-tgz https://registry.npmjs.org/ms/-/ms-0.7.2.tgz
439 silly lockFile 26545f54-gistry-npmjs-org-ms-ms-0-7-2-tgz https://registry.npmjs.org/ms/-/ms-0.7.2.tgz
440 silly lockFile 5887faa5-ms-0-7-2 ms@0.7.2
441 silly lockFile 5887faa5-ms-0-7-2 ms@0.7.2
442 silly lockFile 06d397d3-ules-epoll-node-modules-bindings tar:///home/pi/Desktop/raspTest/nodeScriprts/node_modules/rpi-gpio/node_modules/epoll/node_modules/bindings
443 silly lockFile 06d397d3-ules-epoll-node-modules-bindings tar:///home/pi/Desktop/raspTest/nodeScriprts/node_modules/rpi-gpio/node_modules/epoll/node_modules/bindings
444 silly lockFile 479db54d-t-npm-bindings-1-2-1-package-tgz tar:///root/.npm/bindings/1.2.1/package.tgz
445 silly lockFile 479db54d-t-npm-bindings-1-2-1-package-tgz tar:///root/.npm/bindings/1.2.1/package.tgz
446 info preinstall bindings@1.2.1
447 silly resolved [ { name: 'ms',
447 silly resolved     version: '0.7.2',
447 silly resolved     description: 'Tiny milisecond conversion utility',
447 silly resolved     repository: { type: 'git', url: 'git+https://github.com/zeit/ms.git' },
447 silly resolved     main: './index',
447 silly resolved     files: [ 'index.js' ],
447 silly resolved     scripts:
447 silly resolved      { test: 'xo && mocha test/index.js',
447 silly resolved        'test-browser': 'serve ./test' },
447 silly resolved     license: 'MIT',
447 silly resolved     devDependencies:
447 silly resolved      { 'expect.js': '^0.3.1',
447 silly resolved        mocha: '^3.0.2',
447 silly resolved        serve: '^1.4.0',
447 silly resolved        xo: '^0.17.0' },
447 silly resolved     component: { scripts: [Object] },
447 silly resolved     xo: { space: true, semicolon: false, envs: [Object], rules: [Object] },
447 silly resolved     gitHead: 'ac92a7e0790ba2622a74d9d60690ca0d2c070a45',
447 silly resolved     bugs: { url: 'https://github.com/zeit/ms/issues' },
447 silly resolved     homepage: 'https://github.com/zeit/ms#readme',
447 silly resolved     _id: 'ms@0.7.2',
447 silly resolved     _shasum: 'ae25cf2512b3885a1d95d7f037868d8431124765',
447 silly resolved     _from: 'ms@0.7.2',
447 silly resolved     _npmVersion: '3.10.8',
447 silly resolved     _nodeVersion: '6.8.0',
447 silly resolved     _npmUser: { name: 'leo', email: 'leo@zeit.co' },
447 silly resolved     dist:
447 silly resolved      { shasum: 'ae25cf2512b3885a1d95d7f037868d8431124765',
447 silly resolved        tarball: 'https://registry.npmjs.org/ms/-/ms-0.7.2.tgz' },
447 silly resolved     maintainers: [ [Object], [Object] ],
447 silly resolved     _npmOperationalInternal:
447 silly resolved      { host: 'packages-18-east.internal.npmjs.com',
447 silly resolved        tmp: 'tmp/ms-0.7.2.tgz_1477383407940_0.4743474116548896' },
447 silly resolved     directories: {},
447 silly resolved     _resolved: 'https://registry.npmjs.org/ms/-/ms-0.7.2.tgz' } ]
448 info install ms@0.7.2 into /home/pi/Desktop/raspTest/nodeScriprts/node_modules/rpi-gpio/node_modules/debug
449 info installOne ms@0.7.2
450 verbose readDependencies using package.json deps
451 verbose readDependencies using package.json deps
452 silly resolved []
453 verbose about to build /home/pi/Desktop/raspTest/nodeScriprts/node_modules/rpi-gpio/node_modules/epoll/node_modules/bindings
454 info build /home/pi/Desktop/raspTest/nodeScriprts/node_modules/rpi-gpio/node_modules/epoll/node_modules/bindings
455 verbose linkStuff [ false,
455 verbose linkStuff   false,
455 verbose linkStuff   false,
455 verbose linkStuff   '/home/pi/Desktop/raspTest/nodeScriprts/node_modules/rpi-gpio/node_modules/epoll/node_modules' ]
456 info linkStuff bindings@1.2.1
457 verbose linkBins bindings@1.2.1
458 verbose linkMans bindings@1.2.1
459 verbose rebuildBundles bindings@1.2.1
460 info install bindings@1.2.1
461 verbose node_modules/rpi-gpio/node_modules/debug/node_modules/ms unbuild
462 info postinstall bindings@1.2.1
463 verbose tar unpack /root/.npm/ms/0.7.2/package.tgz
464 silly lockFile cbe7cb99-de-modules-debug-node-modules-ms tar:///home/pi/Desktop/raspTest/nodeScriprts/node_modules/rpi-gpio/node_modules/debug/node_modules/ms
465 verbose lock tar:///home/pi/Desktop/raspTest/nodeScriprts/node_modules/rpi-gpio/node_modules/debug/node_modules/ms /root/.npm/cbe7cb99-de-modules-debug-node-modules-ms.lock
466 silly lockFile a2dd4b6d-ar-root-npm-ms-0-7-2-package-tgz tar:///root/.npm/ms/0.7.2/package.tgz
467 verbose lock tar:///root/.npm/ms/0.7.2/package.tgz /root/.npm/a2dd4b6d-ar-root-npm-ms-0-7-2-package-tgz.lock
468 silly gunzTarPerm modes [ '755', '644' ]
469 silly gunzTarPerm extractEntry LICENSE.md
470 silly gunzTarPerm modified mode [ 'LICENSE.md', 436, 420 ]
471 silly gunzTarPerm extractEntry doc/node_misc.md
472 silly gunzTarPerm modified mode [ 'doc/node_misc.md', 436, 420 ]
473 silly gunzTarPerm extractEntry package.json
474 silly gunzTarPerm extractEntry README.md
475 silly gunzTarPerm extractEntry index.js
476 silly gunzTarPerm extractEntry doc/asyncworker.md
477 silly gunzTarPerm modified mode [ 'doc/asyncworker.md', 436, 420 ]
478 silly gunzTarPerm extractEntry doc/callback.md
479 silly gunzTarPerm modified mode [ 'doc/callback.md', 436, 420 ]
480 silly gunzTarPerm extractEntry LICENSE.md
481 silly gunzTarPerm extractEntry doc/converters.md
482 silly gunzTarPerm modified mode [ 'doc/converters.md', 436, 420 ]
483 silly gunzTarPerm extractEntry doc/errors.md
484 silly gunzTarPerm modified mode [ 'doc/errors.md', 436, 420 ]
485 silly lockFile cbe7cb99-de-modules-debug-node-modules-ms tar:///home/pi/Desktop/raspTest/nodeScriprts/node_modules/rpi-gpio/node_modules/debug/node_modules/ms
486 silly lockFile cbe7cb99-de-modules-debug-node-modules-ms tar:///home/pi/Desktop/raspTest/nodeScriprts/node_modules/rpi-gpio/node_modules/debug/node_modules/ms
487 silly lockFile a2dd4b6d-ar-root-npm-ms-0-7-2-package-tgz tar:///root/.npm/ms/0.7.2/package.tgz
488 silly lockFile a2dd4b6d-ar-root-npm-ms-0-7-2-package-tgz tar:///root/.npm/ms/0.7.2/package.tgz
489 silly gunzTarPerm extractEntry doc/maybe_types.md
490 silly gunzTarPerm modified mode [ 'doc/maybe_types.md', 436, 420 ]
491 silly gunzTarPerm extractEntry doc/methods.md
492 silly gunzTarPerm modified mode [ 'doc/methods.md', 436, 420 ]
493 info preinstall ms@0.7.2
494 verbose readDependencies using package.json deps
495 verbose readDependencies using package.json deps
496 silly resolved []
497 verbose about to build /home/pi/Desktop/raspTest/nodeScriprts/node_modules/rpi-gpio/node_modules/debug/node_modules/ms
498 info build /home/pi/Desktop/raspTest/nodeScriprts/node_modules/rpi-gpio/node_modules/debug/node_modules/ms
499 verbose linkStuff [ false,
499 verbose linkStuff   false,
499 verbose linkStuff   false,
499 verbose linkStuff   '/home/pi/Desktop/raspTest/nodeScriprts/node_modules/rpi-gpio/node_modules/debug/node_modules' ]
500 info linkStuff ms@0.7.2
501 silly gunzTarPerm extractEntry doc/new.md
502 silly gunzTarPerm modified mode [ 'doc/new.md', 436, 420 ]
503 silly gunzTarPerm extractEntry doc/buffers.md
504 silly gunzTarPerm modified mode [ 'doc/buffers.md', 436, 420 ]
505 verbose linkBins ms@0.7.2
506 verbose linkMans ms@0.7.2
507 verbose rebuildBundles ms@0.7.2
508 info install ms@0.7.2
509 info postinstall ms@0.7.2
510 verbose about to build /home/pi/Desktop/raspTest/nodeScriprts/node_modules/rpi-gpio/node_modules/debug
511 info build /home/pi/Desktop/raspTest/nodeScriprts/node_modules/rpi-gpio/node_modules/debug
512 verbose linkStuff [ false,
512 verbose linkStuff   false,
512 verbose linkStuff   false,
512 verbose linkStuff   '/home/pi/Desktop/raspTest/nodeScriprts/node_modules/rpi-gpio/node_modules' ]
513 info linkStuff debug@2.6.3
514 verbose linkBins debug@2.6.3
515 verbose linkMans debug@2.6.3
516 verbose rebuildBundles debug@2.6.3
517 verbose rebuildBundles [ 'ms' ]
518 info install debug@2.6.3
519 info postinstall debug@2.6.3
520 silly gunzTarPerm extractEntry doc/object_wrappers.md
521 silly gunzTarPerm modified mode [ 'doc/object_wrappers.md', 436, 420 ]
522 silly gunzTarPerm extractEntry doc/persistent.md
523 silly gunzTarPerm modified mode [ 'doc/persistent.md', 436, 420 ]
524 silly gunzTarPerm extractEntry doc/scopes.md
525 silly gunzTarPerm modified mode [ 'doc/scopes.md', 436, 420 ]
526 silly gunzTarPerm extractEntry doc/script.md
527 silly gunzTarPerm modified mode [ 'doc/script.md', 436, 420 ]
528 silly gunzTarPerm extractEntry doc/string_bytes.md
529 silly gunzTarPerm modified mode [ 'doc/string_bytes.md', 436, 420 ]
530 silly gunzTarPerm extractEntry doc/v8_internals.md
531 silly gunzTarPerm modified mode [ 'doc/v8_internals.md', 436, 420 ]
532 silly gunzTarPerm extractEntry doc/v8_misc.md
533 silly gunzTarPerm modified mode [ 'doc/v8_misc.md', 436, 420 ]
534 silly gunzTarPerm extractEntry nan.h
535 silly gunzTarPerm modified mode [ 'nan.h', 436, 420 ]
536 silly gunzTarPerm extractEntry nan_callbacks.h
537 silly gunzTarPerm modified mode [ 'nan_callbacks.h', 436, 420 ]
538 silly gunzTarPerm extractEntry nan_callbacks_12_inl.h
539 silly gunzTarPerm modified mode [ 'nan_callbacks_12_inl.h', 436, 420 ]
540 silly gunzTarPerm extractEntry nan_callbacks_pre_12_inl.h
541 silly gunzTarPerm modified mode [ 'nan_callbacks_pre_12_inl.h', 436, 420 ]
542 silly gunzTarPerm extractEntry nan_converters_43_inl.h
543 silly gunzTarPerm modified mode [ 'nan_converters_43_inl.h', 436, 420 ]
544 silly gunzTarPerm extractEntry nan_converters_pre_43_inl.h
545 silly gunzTarPerm modified mode [ 'nan_converters_pre_43_inl.h', 436, 420 ]
546 silly gunzTarPerm extractEntry nan_implementation_12_inl.h
547 silly gunzTarPerm modified mode [ 'nan_implementation_12_inl.h', 436, 420 ]
548 silly gunzTarPerm extractEntry nan_implementation_pre_12_inl.h
549 silly gunzTarPerm modified mode [ 'nan_implementation_pre_12_inl.h', 436, 420 ]
550 silly gunzTarPerm extractEntry nan_maybe_43_inl.h
551 silly gunzTarPerm modified mode [ 'nan_maybe_43_inl.h', 436, 420 ]
552 silly gunzTarPerm extractEntry nan_maybe_pre_43_inl.h
553 silly gunzTarPerm modified mode [ 'nan_maybe_pre_43_inl.h', 436, 420 ]
554 silly gunzTarPerm extractEntry nan_new.h
555 silly gunzTarPerm modified mode [ 'nan_new.h', 436, 420 ]
556 silly gunzTarPerm extractEntry nan_object_wrap.h
557 silly gunzTarPerm modified mode [ 'nan_object_wrap.h', 436, 420 ]
558 silly gunzTarPerm extractEntry nan_persistent_12_inl.h
559 silly gunzTarPerm modified mode [ 'nan_persistent_12_inl.h', 436, 420 ]
560 silly gunzTarPerm extractEntry nan_persistent_pre_12_inl.h
561 silly gunzTarPerm modified mode [ 'nan_persistent_pre_12_inl.h', 436, 420 ]
562 silly gunzTarPerm extractEntry nan_private.h
563 silly gunzTarPerm modified mode [ 'nan_private.h', 436, 420 ]
564 silly gunzTarPerm extractEntry nan_string_bytes.h
565 silly gunzTarPerm modified mode [ 'nan_string_bytes.h', 436, 420 ]
566 silly gunzTarPerm extractEntry nan_typedarray_contents.h
567 silly gunzTarPerm modified mode [ 'nan_typedarray_contents.h', 436, 420 ]
568 silly gunzTarPerm extractEntry nan_weak.h
569 silly gunzTarPerm modified mode [ 'nan_weak.h', 436, 420 ]
570 silly gunzTarPerm extractEntry tools/package.json
571 silly gunzTarPerm modified mode [ 'tools/package.json', 436, 420 ]
572 silly gunzTarPerm extractEntry tools/README.md
573 silly gunzTarPerm modified mode [ 'tools/README.md', 436, 420 ]
574 silly gunzTarPerm extractEntry tools/1to2.js
575 silly gunzTarPerm modified mode [ 'tools/1to2.js', 509, 493 ]
576 silly lockFile 333a6f00-e-modules-epoll-node-modules-nan tar:///home/pi/Desktop/raspTest/nodeScriprts/node_modules/rpi-gpio/node_modules/epoll/node_modules/nan
577 silly lockFile 333a6f00-e-modules-epoll-node-modules-nan tar:///home/pi/Desktop/raspTest/nodeScriprts/node_modules/rpi-gpio/node_modules/epoll/node_modules/nan
578 silly lockFile c30af3ec-r-root-npm-nan-2-5-1-package-tgz tar:///root/.npm/nan/2.5.1/package.tgz
579 silly lockFile c30af3ec-r-root-npm-nan-2-5-1-package-tgz tar:///root/.npm/nan/2.5.1/package.tgz
580 info preinstall nan@2.5.1
581 verbose readDependencies using package.json deps
582 verbose readDependencies using package.json deps
583 silly resolved []
584 verbose about to build /home/pi/Desktop/raspTest/nodeScriprts/node_modules/rpi-gpio/node_modules/epoll/node_modules/nan
585 info build /home/pi/Desktop/raspTest/nodeScriprts/node_modules/rpi-gpio/node_modules/epoll/node_modules/nan
586 verbose linkStuff [ false,
586 verbose linkStuff   false,
586 verbose linkStuff   false,
586 verbose linkStuff   '/home/pi/Desktop/raspTest/nodeScriprts/node_modules/rpi-gpio/node_modules/epoll/node_modules' ]
587 info linkStuff nan@2.5.1
588 verbose linkBins nan@2.5.1
589 verbose linkMans nan@2.5.1
590 verbose rebuildBundles nan@2.5.1
591 info install nan@2.5.1
592 info postinstall nan@2.5.1
593 verbose about to build /home/pi/Desktop/raspTest/nodeScriprts/node_modules/rpi-gpio/node_modules/epoll
594 info build /home/pi/Desktop/raspTest/nodeScriprts/node_modules/rpi-gpio/node_modules/epoll
595 verbose linkStuff [ false,
595 verbose linkStuff   false,
595 verbose linkStuff   false,
595 verbose linkStuff   '/home/pi/Desktop/raspTest/nodeScriprts/node_modules/rpi-gpio/node_modules' ]
596 info linkStuff epoll@0.1.21
597 verbose linkBins epoll@0.1.21
598 verbose linkMans epoll@0.1.21
599 verbose rebuildBundles epoll@0.1.21
600 verbose rebuildBundles [ 'bindings', 'nan' ]
601 info install epoll@0.1.21
602 verbose unsafe-perm in lifecycle false
603 info epoll@0.1.21 Failed to exec install script
604 verbose node_modules/rpi-gpio/node_modules/epoll unbuild
605 warn This failure might be due to the use of legacy binary "node"
606 warn For further explanations, please read
/usr/share/doc/nodejs/README.Debian
607 info preuninstall epoll@0.1.21
608 info uninstall epoll@0.1.21
609 verbose false,/home/pi/Desktop/raspTest/nodeScriprts/node_modules,/home/pi/Desktop/raspTest/nodeScriprts/node_modules/rpi-gpio/node_modules unbuild epoll@0.1.21
610 info postuninstall epoll@0.1.21
611 verbose about to build /home/pi/Desktop/raspTest/nodeScriprts/node_modules/rpi-gpio
612 verbose node_modules/rpi-gpio unbuild
613 info preuninstall rpi-gpio@0.7.0
614 info uninstall rpi-gpio@0.7.0
615 verbose true,/home/pi/Desktop/raspTest/nodeScriprts/node_modules,/home/pi/Desktop/raspTest/nodeScriprts/node_modules unbuild rpi-gpio@0.7.0
616 info postuninstall rpi-gpio@0.7.0
617 error epoll@0.1.21 install: `node-gyp rebuild`
617 error Exit status 1
618 error Failed at the epoll@0.1.21 install script.
618 error This is most likely a problem with the epoll package,
618 error not with npm itself.
618 error Tell the author that this fails on your system:
618 error     node-gyp rebuild
618 error You can get their info via:
618 error     npm owner ls epoll
618 error There is likely additional logging output above.
619 error System Linux 4.4.34-v7+
620 error command "/usr/bin/nodejs" "/usr/bin/npm" "install" "rpi-gpio"
621 error cwd /home/pi/Desktop/raspTest/nodeScriprts
622 error node -v v0.10.29
623 error npm -v 1.4.21
624 error code ELIFECYCLE
625 verbose exit [ 1, true ]
